This is pdfTeX, Version 3.14159265-2.6-1.40.20 (TeX Live 2019) (preloaded format=pdflatex 2019.7.18)  5 AUG 2019 10:58
entering extended mode
 restricted \write18 enabled.
 %&-line parsing enabled.
**Manual.tex
(./Manual.tex
LaTeX2e <2018-12-01>
(/usr/local/texlive/2019/texmf-dist/tex/latex/base/article.cls
Document Class: article 2018/09/03 v1.4i Standard LaTeX document class
(/usr/local/texlive/2019/texmf-dist/tex/latex/base/size12.clo
File: size12.clo 2018/09/03 v1.4i Standard LaTeX file (size option)
)
\c@part=\count80
\c@section=\count81
\c@subsection=\count82
\c@subsubsection=\count83
\c@paragraph=\count84
\c@subparagraph=\count85
\c@figure=\count86
\c@table=\count87
\abovecaptionskip=\skip41
\belowcaptionskip=\skip42
\bibindent=\dimen102
)
(/usr/local/texlive/2019/texmf-dist/tex/latex/graphics/graphicx.sty
Package: graphicx 2017/06/01 v1.1a Enhanced LaTeX Graphics (DPC,SPQR)

(/usr/local/texlive/2019/texmf-dist/tex/latex/graphics/keyval.sty
Package: keyval 2014/10/28 v1.15 key=value parser (DPC)
\KV@toks@=\toks14
)
(/usr/local/texlive/2019/texmf-dist/tex/latex/graphics/graphics.sty
Package: graphics 2017/06/25 v1.2c Standard LaTeX Graphics (DPC,SPQR)

(/usr/local/texlive/2019/texmf-dist/tex/latex/graphics/trig.sty
Package: trig 2016/01/03 v1.10 sin cos tan (DPC)
)
(/usr/local/texlive/2019/texmf-dist/tex/latex/graphics-cfg/graphics.cfg
File: graphics.cfg 2016/06/04 v1.11 sample graphics configuration
)
Package graphics Info: Driver file: pdftex.def on input line 99.

(/usr/local/texlive/2019/texmf-dist/tex/latex/graphics-def/pdftex.def
File: pdftex.def 2018/01/08 v1.0l Graphics/color driver for pdftex
))
\Gin@req@height=\dimen103
\Gin@req@width=\dimen104
)
(/usr/local/texlive/2019/texmf-dist/tex/latex/hyperref/hyperref.sty
Package: hyperref 2018/11/30 v6.88e Hypertext links for LaTeX

(/usr/local/texlive/2019/texmf-dist/tex/generic/oberdiek/hobsub-hyperref.sty
Package: hobsub-hyperref 2016/05/16 v1.14 Bundle oberdiek, subset hyperref (HO)


(/usr/local/texlive/2019/texmf-dist/tex/generic/oberdiek/hobsub-generic.sty
Package: hobsub-generic 2016/05/16 v1.14 Bundle oberdiek, subset generic (HO)
Package: hobsub 2016/05/16 v1.14 Construct package bundles (HO)
Package: infwarerr 2016/05/16 v1.4 Providing info/warning/error messages (HO)
Package: ltxcmds 2016/05/16 v1.23 LaTeX kernel commands for general use (HO)
Package: ifluatex 2016/05/16 v1.4 Provides the ifluatex switch (HO)
Package ifluatex Info: LuaTeX not detected.
Package: ifvtex 2016/05/16 v1.6 Detect VTeX and its facilities (HO)
Package ifvtex Info: VTeX not detected.
Package: intcalc 2016/05/16 v1.2 Expandable calculations with integers (HO)
Package: ifpdf 2018/09/07 v3.3 Provides the ifpdf switch
Package: etexcmds 2016/05/16 v1.6 Avoid name clashes with e-TeX commands (HO)
Package: kvsetkeys 2016/05/16 v1.17 Key value parser (HO)
Package: kvdefinekeys 2016/05/16 v1.4 Define keys (HO)
Package: pdftexcmds 2018/09/10 v0.29 Utility functions of pdfTeX for LuaTeX (HO
)
Package pdftexcmds Info: LuaTeX not detected.
Package pdftexcmds Info: \pdf@primitive is available.
Package pdftexcmds Info: \pdf@ifprimitive is available.
Package pdftexcmds Info: \pdfdraftmode found.
Package: pdfescape 2016/05/16 v1.14 Implements pdfTeX's escape features (HO)
Package: bigintcalc 2016/05/16 v1.4 Expandable calculations on big integers (HO
)
Package: bitset 2016/05/16 v1.2 Handle bit-vector datatype (HO)
Package: uniquecounter 2016/05/16 v1.3 Provide unlimited unique counter (HO)
)
Package hobsub Info: Skipping package `hobsub' (already loaded).
Package: letltxmacro 2016/05/16 v1.5 Let assignment for LaTeX macros (HO)
Package: hopatch 2016/05/16 v1.3 Wrapper for package hooks (HO)
Package: xcolor-patch 2016/05/16 xcolor patch
Package: atveryend 2016/05/16 v1.9 Hooks at the very end of document (HO)
Package atveryend Info: \enddocument detected (standard20110627).
Package: atbegshi 2016/06/09 v1.18 At begin shipout hook (HO)
Package: refcount 2016/05/16 v3.5 Data extraction from label references (HO)
Package: hycolor 2016/05/16 v1.8 Color options for hyperref/bookmark (HO)
)
(/usr/local/texlive/2019/texmf-dist/tex/generic/ifxetex/ifxetex.sty
Package: ifxetex 2010/09/12 v0.6 Provides ifxetex conditional
)
(/usr/local/texlive/2019/texmf-dist/tex/latex/oberdiek/auxhook.sty
Package: auxhook 2016/05/16 v1.4 Hooks for auxiliary files (HO)
)
(/usr/local/texlive/2019/texmf-dist/tex/latex/oberdiek/kvoptions.sty
Package: kvoptions 2016/05/16 v3.12 Key value format for package options (HO)
)
\@linkdim=\dimen105
\Hy@linkcounter=\count88
\Hy@pagecounter=\count89

(/usr/local/texlive/2019/texmf-dist/tex/latex/hyperref/pd1enc.def
File: pd1enc.def 2018/11/30 v6.88e Hyperref: PDFDocEncoding definition (HO)
Now handling font encoding PD1 ...
... no UTF-8 mapping file for font encoding PD1
)
\Hy@SavedSpaceFactor=\count90

(/usr/local/texlive/2019/texmf-dist/tex/latex/latexconfig/hyperref.cfg
File: hyperref.cfg 2002/06/06 v1.2 hyperref configuration of TeXLive
)
Package hyperref Info: Hyper figures OFF on input line 4519.
Package hyperref Info: Link nesting OFF on input line 4524.
Package hyperref Info: Hyper index ON on input line 4527.
Package hyperref Info: Plain pages OFF on input line 4534.
Package hyperref Info: Backreferencing OFF on input line 4539.
Package hyperref Info: Implicit mode ON; LaTeX internals redefined.
Package hyperref Info: Bookmarks ON on input line 4772.
\c@Hy@tempcnt=\count91

(/usr/local/texlive/2019/texmf-dist/tex/latex/url/url.sty
\Urlmuskip=\muskip10
Package: url 2013/09/16  ver 3.4  Verb mode for urls, etc.
)
LaTeX Info: Redefining \url on input line 5125.
\XeTeXLinkMargin=\dimen106
\Fld@menulength=\count92
\Field@Width=\dimen107
\Fld@charsize=\dimen108
Package hyperref Info: Hyper figures OFF on input line 6380.
Package hyperref Info: Link nesting OFF on input line 6385.
Package hyperref Info: Hyper index ON on input line 6388.
Package hyperref Info: backreferencing OFF on input line 6395.
Package hyperref Info: Link coloring OFF on input line 6400.
Package hyperref Info: Link coloring with OCG OFF on input line 6405.
Package hyperref Info: PDF/A mode OFF on input line 6410.
LaTeX Info: Redefining \ref on input line 6450.
LaTeX Info: Redefining \pageref on input line 6454.
\Hy@abspage=\count93
\c@Item=\count94
\c@Hfootnote=\count95
)
Package hyperref Info: Driver (autodetected): hpdftex.

(/usr/local/texlive/2019/texmf-dist/tex/latex/hyperref/hpdftex.def
File: hpdftex.def 2018/11/30 v6.88e Hyperref driver for pdfTeX
\Fld@listcount=\count96
\c@bookmark@seq@number=\count97

(/usr/local/texlive/2019/texmf-dist/tex/latex/oberdiek/rerunfilecheck.sty
Package: rerunfilecheck 2016/05/16 v1.8 Rerun checks for auxiliary files (HO)
Package uniquecounter Info: New unique counter `rerunfilecheck' on input line 2
82.
)
\Hy@SectionHShift=\skip43
)
(/usr/local/texlive/2019/texmf-dist/tex/latex/sidecap/sidecap.sty
Package: sidecap 2003/06/06 v1.6f SideCap Package (RN/HjG)

(/usr/local/texlive/2019/texmf-dist/tex/latex/base/ifthen.sty
Package: ifthen 2014/09/29 v1.1c Standard LaTeX ifthen package (DPC)
)
\SC@BOXWD=\dimen109
\SC@CAPWD=\dimen110
\SC@tempdima=\dimen111
\SC@tempdimb=\dimen112
\c@SC@C=\count98
\SC@BOX=\box27
)
(/usr/local/texlive/2019/texmf-dist/tex/latex/caption/caption.sty
Package: caption 2018/10/06 v3.3-154 Customizing captions (AR)

(/usr/local/texlive/2019/texmf-dist/tex/latex/caption/caption3.sty
Package: caption3 2018/09/12 v1.8c caption3 kernel (AR)
Package caption3 Info: TeX engine: e-TeX on input line 64.
\captionmargin=\dimen113
\captionmargin@=\dimen114
\captionwidth=\dimen115
\caption@tempdima=\dimen116
\caption@indent=\dimen117
\caption@parindent=\dimen118
\caption@hangindent=\dimen119
)
\c@caption@flags=\count99
\c@ContinuedFloat=\count100
Package caption Info: hyperref package is loaded.
Package caption Info: sidecap package is loaded.
)
(/usr/local/texlive/2019/texmf-dist/tex/latex/caption/subcaption.sty
Package: subcaption 2018/05/01 v1.1-162 Sub-captions (AR)
\c@subfigure=\count101
\c@subtable=\count102
)
(/usr/local/texlive/2019/texmf-dist/tex/latex/float/float.sty
Package: float 2001/11/08 v1.3d Float enhancements (AL)
\c@float@type=\count103
\float@exts=\toks15
\float@box=\box28
\@float@everytoks=\toks16
\@floatcapt=\box29
)
(/usr/local/texlive/2019/texmf-dist/tex/latex/imakeidx/imakeidx.sty
Package: imakeidx 2016/10/15 v1.3e Package for typesetting indices in a synchro
nous mode

(/usr/local/texlive/2019/texmf-dist/tex/latex/xkeyval/xkeyval.sty
Package: xkeyval 2014/12/03 v2.7a package option processing (HA)

(/usr/local/texlive/2019/texmf-dist/tex/generic/xkeyval/xkeyval.tex
(/usr/local/texlive/2019/texmf-dist/tex/generic/xkeyval/xkvutils.tex
\XKV@toks=\toks17
\XKV@tempa@toks=\toks18
)
\XKV@depth=\count104
File: xkeyval.tex 2014/12/03 v2.7a key=value parser (HA)
))
(/usr/local/texlive/2019/texmf-dist/tex/latex/tools/multicol.sty
Package: multicol 2018/12/27 v1.8v multicolumn formatting (FMi)
\c@tracingmulticols=\count105
\mult@box=\box30
\multicol@leftmargin=\dimen120
\c@unbalance=\count106
\c@collectmore=\count107
\doublecol@number=\count108
\multicoltolerance=\count109
\multicolpretolerance=\count110
\full@width=\dimen121
\page@free=\dimen122
\premulticols=\dimen123
\postmulticols=\dimen124
\multicolsep=\skip44
\multicolbaselineskip=\skip45
\partial@page=\box31
\last@line=\box32
\maxbalancingoverflow=\dimen125
\mult@rightbox=\box33
\mult@grightbox=\box34
\mult@gfirstbox=\box35
\mult@firstbox=\box36
\@tempa=\box37
\@tempa=\box38
\@tempa=\box39
\@tempa=\box40
\@tempa=\box41
\@tempa=\box42
\@tempa=\box43
\@tempa=\box44
\@tempa=\box45
\@tempa=\box46
\@tempa=\box47
\@tempa=\box48
\@tempa=\box49
\@tempa=\box50
\@tempa=\box51
\@tempa=\box52
\@tempa=\box53
\c@columnbadness=\count111
\c@finalcolumnbadness=\count112
\last@try=\dimen126
\multicolovershoot=\dimen127
\multicolundershoot=\dimen128
\mult@nat@firstbox=\box54
\colbreak@box=\box55
\mc@col@check@num=\count113
))
\Manual@idxfile=\write3
\openout3 = `Manual.idx'.


Writing index file Manual.idx
(./Manual.aux)
\openout1 = `Manual.aux'.

LaTeX Font Info:    Checking defaults for OML/cmm/m/it on input line 25.
LaTeX Font Info:    ... okay on input line 25.
LaTeX Font Info:    Checking defaults for T1/cmr/m/n on input line 25.
LaTeX Font Info:    ... okay on input line 25.
LaTeX Font Info:    Checking defaults for OT1/cmr/m/n on input line 25.
LaTeX Font Info:    ... okay on input line 25.
LaTeX Font Info:    Checking defaults for OMS/cmsy/m/n on input line 25.
LaTeX Font Info:    ... okay on input line 25.
LaTeX Font Info:    Checking defaults for OMX/cmex/m/n on input line 25.
LaTeX Font Info:    ... okay on input line 25.
LaTeX Font Info:    Checking defaults for U/cmr/m/n on input line 25.
LaTeX Font Info:    ... okay on input line 25.
LaTeX Font Info:    Checking defaults for PD1/pdf/m/n on input line 25.
LaTeX Font Info:    ... okay on input line 25.

(/usr/local/texlive/2019/texmf-dist/tex/context/base/mkii/supp-pdf.mkii
[Loading MPS to PDF converter (version 2006.09.02).]
\scratchcounter=\count114
\scratchdimen=\dimen129
\scratchbox=\box56
\nofMPsegments=\count115
\nofMParguments=\count116
\everyMPshowfont=\toks19
\MPscratchCnt=\count117
\MPscratchDim=\dimen130
\MPnumerator=\count118
\makeMPintoPDFobject=\count119
\everyMPtoPDFconversion=\toks20
) (/usr/local/texlive/2019/texmf-dist/tex/latex/oberdiek/epstopdf-base.sty
Package: epstopdf-base 2016/05/15 v2.6 Base part for package epstopdf

(/usr/local/texlive/2019/texmf-dist/tex/latex/oberdiek/grfext.sty
Package: grfext 2016/05/16 v1.2 Manage graphics extensions (HO)
)
Package epstopdf-base Info: Redefining graphics rule for `.eps' on input line 4
38.
Package grfext Info: Graphics extension search list:
(grfext)             [.pdf,.png,.jpg,.mps,.jpeg,.jbig2,.jb2,.PDF,.PNG,.JPG,.JPE
G,.JBIG2,.JB2,.eps]
(grfext)             \AppendGraphicsExtensions on input line 456.

(/usr/local/texlive/2019/texmf-dist/tex/latex/latexconfig/epstopdf-sys.cfg
File: epstopdf-sys.cfg 2010/07/13 v1.3 Configuration of (r)epstopdf for TeX Liv
e
))
\AtBeginShipoutBox=\box57
Package hyperref Info: Link coloring OFF on input line 25.

(/usr/local/texlive/2019/texmf-dist/tex/latex/hyperref/nameref.sty
Package: nameref 2016/05/21 v2.44 Cross-referencing by name of section

(/usr/local/texlive/2019/texmf-dist/tex/generic/oberdiek/gettitlestring.sty
Package: gettitlestring 2016/05/16 v1.5 Cleanup title references (HO)
)
\c@section@level=\count120
)
LaTeX Info: Redefining \ref on input line 25.
LaTeX Info: Redefining \pageref on input line 25.
LaTeX Info: Redefining \nameref on input line 25.

(./Manual.out) (./Manual.out)
\@outlinefile=\write4
\openout4 = `Manual.out'.


(/usr/local/texlive/2019/texmf-dist/tex/latex/ms/ragged2e.sty
Package: ragged2e 2009/05/21 v2.1 ragged2e Package (MS)

(/usr/local/texlive/2019/texmf-dist/tex/latex/ms/everysel.sty
Package: everysel 2011/10/28 v1.2 EverySelectfont Package (MS)

ABD: EverySelectfont initializing macros
LaTeX Info: Redefining \selectfont on input line 126.
)
\CenteringLeftskip=\skip46
\RaggedLeftLeftskip=\skip47
\RaggedRightLeftskip=\skip48
\CenteringRightskip=\skip49
\RaggedLeftRightskip=\skip50
\RaggedRightRightskip=\skip51
\CenteringParfillskip=\skip52
\RaggedLeftParfillskip=\skip53
\RaggedRightParfillskip=\skip54
\JustifyingParfillskip=\skip55
\CenteringParindent=\skip56
\RaggedLeftParindent=\skip57
\RaggedRightParindent=\skip58
\JustifyingParindent=\skip59
)
Package caption Info: Begin \AtBeginDocument code.
Package caption Info: float package is loaded.
Package caption Info: End \AtBeginDocument code.
LaTeX Font Info:    External font `cmex10' loaded for size
(Font)              <14.4> on input line 26.
LaTeX Font Info:    External font `cmex10' loaded for size
(Font)              <7> on input line 26.
 (./Manual.toc
LaTeX Font Info:    External font `cmex10' loaded for size
(Font)              <12> on input line 2.
LaTeX Font Info:    External font `cmex10' loaded for size
(Font)              <8> on input line 2.
LaTeX Font Info:    External font `cmex10' loaded for size
(Font)              <6> on input line 2.
 [1

{/usr/local/texlive/2019/texmf-var/fonts/map/pdftex/updmap/pdftex.map}])
\tf@toc=\write5
\openout5 = `Manual.toc'.

 [2]
Overfull \hbox (38.77992pt too wide) in paragraph at lines 35--38
\OT1/cmr/m/n/12 For this, please fol-low the steps found at []$\OT1/cmtt/m/n/12
 https : / / docs . docker . com / get-[]started/$[]\OT1/cmr/m/n/12 . 
 []

[3

] [4]
<Images/Home_screen.png, id=184, 2055.68pt x 1156.32pt>
File: Images/Home_screen.png Graphic file (type png)
<use Images/Home_screen.png>
Package pdftex.def Info: Images/Home_screen.png  used on input line 51.
(pdftex.def)             Requested size: 390.0pt x 219.36784pt.


Package caption Warning: The option `hypcap=true' will be ignored for this
(caption)                particular \caption on input line 52.
See the caption package documentation for explanation.

<Images/Users_tab.png, id=186, 2055.68pt x 1156.32pt>
File: Images/Users_tab.png Graphic file (type png)
<use Images/Users_tab.png>
Package pdftex.def Info: Images/Users_tab.png  used on input line 58.
(pdftex.def)             Requested size: 390.0pt x 219.36784pt.

Package caption Warning: The option `hypcap=true' will be ignored for this
(caption)                particular \caption on input line 59.
See the caption package documentation for explanation.

[5 <./Images/Home_screen.png>]
<Images/Vehicles_tab.png, id=193, 2055.68pt x 1156.32pt>
File: Images/Vehicles_tab.png Graphic file (type png)
<use Images/Vehicles_tab.png>
Package pdftex.def Info: Images/Vehicles_tab.png  used on input line 67.
(pdftex.def)             Requested size: 390.0pt x 219.36784pt.


Package caption Warning: The option `hypcap=true' will be ignored for this
(caption)                particular \caption on input line 68.
See the caption package documentation for explanation.

[6 <./Images/Users_tab.png>]
<Images/Add_vehicle.png, id=200, 2055.68pt x 1156.32pt>
File: Images/Add_vehicle.png Graphic file (type png)
<use Images/Add_vehicle.png>
Package pdftex.def Info: Images/Add_vehicle.png  used on input line 75.
(pdftex.def)             Requested size: 390.0pt x 219.36784pt.


Package caption Warning: The option `hypcap=true' will be ignored for this
(caption)                particular \caption on input line 76.
See the caption package documentation for explanation.

[7 <./Images/Vehicles_tab.png>]
<Images/Remove_vehicle.png, id=208, 2055.68pt x 1156.32pt>
File: Images/Remove_vehicle.png Graphic file (type png)
<use Images/Remove_vehicle.png>
Package pdftex.def Info: Images/Remove_vehicle.png  used on input line 84.
(pdftex.def)             Requested size: 390.0pt x 219.36784pt.


Package caption Warning: The option `hypcap=true' will be ignored for this
(caption)                particular \caption on input line 85.
See the caption package documentation for explanation.

[8 <./Images/Add_vehicle.png>]
Underfull \hbox (badness 10000) in paragraph at lines 87--88

 []

<Images/Vehicle_details.png, id=215, 2055.68pt x 1156.32pt>
File: Images/Vehicle_details.png Graphic file (type png)
<use Images/Vehicle_details.png>
Package pdftex.def Info: Images/Vehicle_details.png  used on input line 91.
(pdftex.def)             Requested size: 390.0pt x 219.36784pt.

Package caption Warning: The option `hypcap=true' will be ignored for this
(caption)                particular \caption on input line 92.
See the caption package documentation for explanation.

[9 <./Images/Remove_vehicle.png>]
<Images/Stops_tab.png, id=222, 2055.68pt x 1156.32pt>
File: Images/Stops_tab.png Graphic file (type png)
<use Images/Stops_tab.png>
Package pdftex.def Info: Images/Stops_tab.png  used on input line 98.
(pdftex.def)             Requested size: 390.0pt x 219.36784pt.


Package caption Warning: The option `hypcap=true' will be ignored for this
(caption)                particular \caption on input line 99.
See the caption package documentation for explanation.

[10 <./Images/Vehicle_details.png>]
<Images/All_stops.png, id=229, 2055.68pt x 1156.32pt>
File: Images/All_stops.png Graphic file (type png)
<use Images/All_stops.png>
Package pdftex.def Info: Images/All_stops.png  used on input line 105.
(pdftex.def)             Requested size: 390.0pt x 219.36784pt.


Package caption Warning: The option `hypcap=true' will be ignored for this
(caption)                particular \caption on input line 106.
See the caption package documentation for explanation.

[11 <./Images/Stops_tab.png>]
<Images/Start_search.png, id=236, 2055.68pt x 1156.32pt>
File: Images/Start_search.png Graphic file (type png)
<use Images/Start_search.png>
Package pdftex.def Info: Images/Start_search.png  used on input line 114.
(pdftex.def)             Requested size: 390.0pt x 219.36784pt.


Package caption Warning: The option `hypcap=true' will be ignored for this
(caption)                particular \caption on input line 115.
See the caption package documentation for explanation.

[12 <./Images/All_stops.png>]
LaTeX Font Info:    Try loading font information for OMS+cmr on input line 119.


(/usr/local/texlive/2019/texmf-dist/tex/latex/base/omscmr.fd
File: omscmr.fd 2014/09/29 v2.5h Standard LaTeX font definitions
)
LaTeX Font Info:    Font shape `OMS/cmr/m/n' in size <12> not available
(Font)              Font shape `OMS/cmsy/m/n' tried instead on input line 119.
<Images/Stops_province.png, id=243, 2055.68pt x 1156.32pt>
File: Images/Stops_province.png Graphic file (type png)
<use Images/Stops_province.png>
Package pdftex.def Info: Images/Stops_province.png  used on input line 126.
(pdftex.def)             Requested size: 390.0pt x 219.36784pt.


Package caption Warning: The option `hypcap=true' will be ignored for this
(caption)                particular \caption on input line 127.
See the caption package documentation for explanation.

[13 <./Images/Start_search.png>]
Underfull \hbox (badness 10000) in paragraph at lines 129--131

 []

<Images/Lines_province.png, id=252, 2055.68pt x 1156.32pt>
File: Images/Lines_province.png Graphic file (type png)
<use Images/Lines_province.png>
Package pdftex.def Info: Images/Lines_province.png  used on input line 134.
(pdftex.def)             Requested size: 390.0pt x 219.36784pt.

Package caption Warning: The option `hypcap=true' will be ignored for this
(caption)                particular \caption on input line 135.
See the caption package documentation for explanation.

[14 <./Images/Stops_province.png>]
Underfull \hbox (badness 10000) in paragraph at lines 137--139

 []

<Images/Locations_province.png, id=259, 2055.68pt x 1156.32pt>
File: Images/Locations_province.png Graphic file (type png)
<use Images/Locations_province.png>
Package pdftex.def Info: Images/Locations_province.png  used on input line 142.

(pdftex.def)             Requested size: 390.0pt x 219.36784pt.

Package caption Warning: The option `hypcap=true' will be ignored for this
(caption)                particular \caption on input line 143.
See the caption package documentation for explanation.

[15 <./Images/Lines_province.png>]
Underfull \hbox (badness 10000) in paragraph at lines 145--147

 []

<Images/Stop_details.png, id=266, 2055.68pt x 1156.32pt>
File: Images/Stop_details.png Graphic file (type png)
<use Images/Stop_details.png>
Package pdftex.def Info: Images/Stop_details.png  used on input line 150.
(pdftex.def)             Requested size: 390.0pt x 219.36784pt.

Package caption Warning: The option `hypcap=true' will be ignored for this
(caption)                particular \caption on input line 151.
See the caption package documentation for explanation.

[16 <./Images/Locations_province.png>]
<Images/Ratings_tab.png, id=273, 2055.68pt x 1156.32pt>
File: Images/Ratings_tab.png Graphic file (type png)
<use Images/Ratings_tab.png>
Package pdftex.def Info: Images/Ratings_tab.png  used on input line 157.
(pdftex.def)             Requested size: 390.0pt x 219.36784pt.


Package caption Warning: The option `hypcap=true' will be ignored for this
(caption)                particular \caption on input line 158.
See the caption package documentation for explanation.

[17 <./Images/Stop_details.png>]
<Images/Rate_vehicle.png, id=280, 2055.68pt x 1156.32pt>
File: Images/Rate_vehicle.png Graphic file (type png)
<use Images/Rate_vehicle.png>
Package pdftex.def Info: Images/Rate_vehicle.png  used on input line 165.
(pdftex.def)             Requested size: 390.0pt x 219.36784pt.


Package caption Warning: The option `hypcap=true' will be ignored for this
(caption)                particular \caption on input line 166.
See the caption package documentation for explanation.

[18 <./Images/Ratings_tab.png>]
<Images/Rate_stop.png, id=287, 2055.68pt x 1156.32pt>
File: Images/Rate_stop.png Graphic file (type png)
<use Images/Rate_stop.png>
Package pdftex.def Info: Images/Rate_stop.png  used on input line 173.
(pdftex.def)             Requested size: 390.0pt x 219.36784pt.


Package caption Warning: The option `hypcap=true' will be ignored for this
(caption)                particular \caption on input line 174.
See the caption package documentation for explanation.

[19 <./Images/Rate_vehicle.png>] [20 <./Images/Rate_stop.png>]
<Images/Architecture.png, id=301, 1292.83pt x 946.53625pt>
File: Images/Architecture.png Graphic file (type png)
<use Images/Architecture.png>
Package pdftex.def Info: Images/Architecture.png  used on input line 208.
(pdftex.def)             Requested size: 390.0pt x 285.53735pt.


Package caption Warning: The option `hypcap=true' will be ignored for this
(caption)                particular \caption on input line 209.
See the caption package documentation for explanation.

[21]
Overfull \hbox (10.69847pt too wide) in paragraph at lines 211--213
\OT1/cmr/m/n/12 This di-a-gram was au-to-mat-i-cally gen-er-ated based on the \
OT1/cmr/bx/n/12 docker-compose.yml
 []


Overfull \hbox (79.30023pt too wide) in paragraph at lines 211--213
\OT1/cmtt/m/n/12 docker run --rm -it --name dcv -v $(pwd):/input pmsipilot/dock
er-compose-viz
 []

[22 <./Images/Architecture.png>]
Package atveryend Info: Empty hook `BeforeClearDocument' on input line 239.
 [23]
Package atveryend Info: Empty hook `AfterLastShipout' on input line 239.
 (./Manual.aux)
Package atveryend Info: Executing hook `AtVeryEndDocument' on input line 239.
Package atveryend Info: Executing hook `AtEndAfterFileList' on input line 239.
Package rerunfilecheck Info: File `Manual.out' has not changed.
(rerunfilecheck)             Checksum: BFAD5D4C5CB4C7B3BE14EAC1CD6E39D2;2067.
Package atveryend Info: Empty hook `AtVeryVeryEnd' on input line 239.
 ) 
Here is how much of TeX's memory you used:
 7038 strings out of 492616
 109581 string characters out of 6129481
 203376 words of memory out of 5000000
 10807 multiletter control sequences out of 15000+600000
 8977 words of font info for 32 fonts, out of 8000000 for 9000
 1141 hyphenation exceptions out of 8191
 36i,6n,77p,387b,545s stack positions out of 5000i,500n,10000p,200000b,80000s
</usr/local/texlive/2019/texmf-dist/fonts/type1/public/amsfonts/cm/cmbx12.pfb
></usr/local/texlive/2019/texmf-dist/fonts/type1/public/amsfonts/cm/cmr12.pfb><
/usr/local/texlive/2019/texmf-dist/fonts/type1/public/amsfonts/cm/cmr17.pfb></u
sr/local/texlive/2019/texmf-dist/fonts/type1/public/amsfonts/cm/cmsy10.pfb></us
r/local/texlive/2019/texmf-dist/fonts/type1/public/amsfonts/cm/cmtt12.pfb>
Output written on Manual.pdf (23 pages, 4148009 bytes).
PDF statistics:
 354 PDF objects out of 1000 (max. 8388607)
 287 compressed objects within 3 object streams
 73 named destinations out of 1000 (max. 500000)
 334 words of extra memory for PDF output out of 10000 (max. 10000000)

