\BOOKMARK [1][-]{section.1}{Setting Up for the first time}{}% 1
\BOOKMARK [2][-]{subsection.1.1}{Docker}{section.1}% 2
\BOOKMARK [2][-]{subsection.1.2}{Creating the databases}{section.1}% 3
\BOOKMARK [1][-]{section.2}{Usage}{}% 4
\BOOKMARK [2][-]{subsection.2.1}{Home}{section.2}% 5
\BOOKMARK [2][-]{subsection.2.2}{Users tab}{section.2}% 6
\BOOKMARK [2][-]{subsection.2.3}{Vehicles tab}{section.2}% 7
\BOOKMARK [3][-]{subsubsection.2.3.1}{Adding a vehicle}{subsection.2.3}% 8
\BOOKMARK [3][-]{subsubsection.2.3.2}{Removing a vehicle}{subsection.2.3}% 9
\BOOKMARK [3][-]{subsubsection.2.3.3}{Vehicle details}{subsection.2.3}% 10
\BOOKMARK [2][-]{subsection.2.4}{Stops tab}{section.2}% 11
\BOOKMARK [3][-]{subsubsection.2.4.1}{View all stops}{subsection.2.4}% 12
\BOOKMARK [3][-]{subsubsection.2.4.2}{Search for a stop}{subsection.2.4}% 13
\BOOKMARK [3][-]{subsubsection.2.4.3}{Search for a stop: per province}{subsection.2.4}% 14
\BOOKMARK [3][-]{subsubsection.2.4.4}{Search for a stop: per line}{subsection.2.4}% 15
\BOOKMARK [3][-]{subsubsection.2.4.5}{Search for a stop: per town}{subsection.2.4}% 16
\BOOKMARK [3][-]{subsubsection.2.4.6}{Stop details}{subsection.2.4}% 17
\BOOKMARK [2][-]{subsection.2.5}{Ratings tab}{section.2}% 18
\BOOKMARK [3][-]{subsubsection.2.5.1}{Rating a vehicle}{subsection.2.5}% 19
\BOOKMARK [3][-]{subsubsection.2.5.2}{Rating a stop}{subsection.2.5}% 20
